INFO [2019-03-21 18:16:11] $x
INFO [2019-03-21 18:16:11] list(LRM = names(sig.snp.lrm[[i]]), cNMTF = names(sig.snp.nmtf[[i]]), 
INFO [2019-03-21 18:16:11]     GWAS = snps.known1)
INFO [2019-03-21 18:16:11] 
INFO [2019-03-21 18:16:11] $filename
INFO [2019-03-21 18:16:11] NULL
INFO [2019-03-21 18:16:11] 
INFO [2019-03-21 18:16:11] $output
INFO [2019-03-21 18:16:11] [1] TRUE
INFO [2019-03-21 18:16:11] 
INFO [2019-03-21 18:16:11] $imagetype
INFO [2019-03-21 18:16:11] [1] "png"
INFO [2019-03-21 18:16:11] 
INFO [2019-03-21 18:16:11] $resolution
INFO [2019-03-21 18:16:11] [1] 300
INFO [2019-03-21 18:16:11] 
INFO [2019-03-21 18:16:11] $compression
INFO [2019-03-21 18:16:11] [1] "lzw"
INFO [2019-03-21 18:16:11] 
INFO [2019-03-21 18:16:11] $margin
INFO [2019-03-21 18:16:11] [1] 0.1
INFO [2019-03-21 18:16:11] 
